<?xml version="1.0" encoding="UTF-8"?>
<!-- Generated by org.testng.reporters.JUnitXMLReporter -->
<testsuite ignored="0" hostname="LEGION" failures="1" tests="9" name="Test" time="30.56" errors="0" timestamp="2022-12-24T15:30:05 IST">
  <testcase classname="luma.testcases.LumaTest" name="selectSection" time="3.307"/>
  <testcase classname="luma.testcases.LumaTest" name="PerPageitems" time="1.071"/>
  <testcase classname="luma.testcases.LumaTest" name="selectPrice" time="1.298"/>
  <testcase classname="luma.testcases.LumaTest" name="productSelection" time="1.742"/>
  <testcase classname="luma.testcases.LumaTest" name="selectProductDetails" time="0.121"/>
  <testcase classname="luma.testcases.LumaTest" name="productToCart" time="5.749"/>
  <testcase classname="luma.testcases.LumaTest" name="setfield" time="4.698"/>
  <testcase classname="luma.testcases.LumaTest" name="checkProduct" time="0.037"/>
  <testcase classname="luma.testcases.LumaTest" name="checkProductprice" time="2.576">
    <failure type="java.lang.AssertionError" message="expected [$57.00] but found [$62.00]">
      <![CDATA[java.lang.AssertionError: expected [$57.00] but found [$62.00]
at luma.testcases.LumaTest.checkProductprice(LumaTest.java:114)
at java.base/java.util.ArrayList.forEach(ArrayList.java:1511)
... Removed 31 stack frames]]>
    </failure>
  </testcase> <!-- checkProductprice -->
</testsuite> <!-- Test -->
