<?xml version="1.0" encoding="UTF-8"?>
<testng-results ignored="0" total="9" passed="8" failed="1" skipped="0">
  <reporter-output>
  </reporter-output>
  <suite started-at="2022-12-24T15:29:35 IST" name="Suite" finished-at="2022-12-24T15:30:05 IST" duration-ms="30560">
    <groups>
    </groups>
    <test started-at="2022-12-24T15:29:35 IST" name="Test" finished-at="2022-12-24T15:30:05 IST" duration-ms="30560">
      <class name="luma.testcases.LumaTest">
        <test-method is-config="true" signature="setUp()[pri:0, instance:luma.testcases.LumaTest@4562e04d]" started-at="2022-12-24T15:29:35 IST" name="setUp" finished-at="2022-12-24T15:29:45 IST" duration-ms="9789" status="PASS">
          <reporter-output>
          </reporter-output>
        </test-method> <!-- setUp -->
        <test-method signature="selectSection()[pri:1, instance:luma.testcases.LumaTest@4562e04d]" started-at="2022-12-24T15:29:45 IST" name="selectSection" finished-at="2022-12-24T15:29:48 IST" duration-ms="3307" status="PASS">
          <reporter-output>
          </reporter-output>
        </test-method> <!-- selectSection -->
        <test-method signature="PerPageitems()[pri:2, instance:luma.testcases.LumaTest@4562e04d]" started-at="2022-12-24T15:29:48 IST" name="PerPageitems" finished-at="2022-12-24T15:29:49 IST" duration-ms="1071" status="PASS">
          <reporter-output>
          </reporter-output>
        </test-method> <!-- PerPageitems -->
        <test-method signature="selectPrice()[pri:3, instance:luma.testcases.LumaTest@4562e04d]" started-at="2022-12-24T15:29:49 IST" name="selectPrice" finished-at="2022-12-24T15:29:50 IST" duration-ms="1298" status="PASS">
          <reporter-output>
          </reporter-output>
        </test-method> <!-- selectPrice -->
        <test-method signature="productSelection()[pri:4, instance:luma.testcases.LumaTest@4562e04d]" started-at="2022-12-24T15:29:50 IST" name="productSelection" finished-at="2022-12-24T15:29:52 IST" duration-ms="1742" status="PASS">
          <reporter-output>
          </reporter-output>
        </test-method> <!-- productSelection -->
        <test-method signature="selectProductDetails()[pri:5, instance:luma.testcases.LumaTest@4562e04d]" started-at="2022-12-24T15:29:52 IST" name="selectProductDetails" finished-at="2022-12-24T15:29:52 IST" duration-ms="121" status="PASS">
          <reporter-output>
          </reporter-output>
        </test-method> <!-- selectProductDetails -->
        <test-method signature="productToCart()[pri:6, instance:luma.testcases.LumaTest@4562e04d]" started-at="2022-12-24T15:29:52 IST" name="productToCart" finished-at="2022-12-24T15:29:58 IST" duration-ms="5749" status="PASS">
          <reporter-output>
          </reporter-output>
        </test-method> <!-- productToCart -->
        <test-method signature="setfield()[pri:7, instance:luma.testcases.LumaTest@4562e04d]" started-at="2022-12-24T15:29:58 IST" name="setfield" finished-at="2022-12-24T15:30:03 IST" duration-ms="4698" status="PASS">
          <reporter-output>
          </reporter-output>
        </test-method> <!-- setfield -->
        <test-method signature="checkProduct()[pri:8, instance:luma.testcases.LumaTest@4562e04d]" started-at="2022-12-24T15:30:03 IST" name="checkProduct" finished-at="2022-12-24T15:30:03 IST" duration-ms="37" status="PASS">
          <reporter-output>
          </reporter-output>
        </test-method> <!-- checkProduct -->
        <test-method signature="checkProductprice()[pri:9, instance:luma.testcases.LumaTest@4562e04d]" started-at="2022-12-24T15:30:03 IST" name="checkProductprice" finished-at="2022-12-24T15:30:05 IST" duration-ms="2576" status="FAIL">
          <exception class="java.lang.AssertionError">
            <message>
              <![CDATA[expected [$57.00] but found [$62.00]]]>
            </message>
            <full-stacktrace>
              <![CDATA[java.lang.AssertionError: expected [$57.00] but found [$62.00]
at org.testng.Assert.fail(Assert.java:110)
at org.testng.Assert.failNotEquals(Assert.java:1413)
at org.testng.Assert.assertEqualsImpl(Assert.java:149)
at org.testng.Assert.assertEquals(Assert.java:131)
at org.testng.Assert.assertEquals(Assert.java:655)
at org.testng.Assert.assertEquals(Assert.java:665)
at luma.testcases.LumaTest.checkProductprice(LumaTest.java:114)
at java.base/jdk.internal.reflect.DirectMethodHandleAccessor.invoke(DirectMethodHandleAccessor.java:104)
at java.base/java.lang.reflect.Method.invoke(Method.java:577)
at org.testng.internal.invokers.MethodInvocationHelper.invokeMethod(MethodInvocationHelper.java:139)
at org.testng.internal.invokers.TestInvoker.invokeMethod(TestInvoker.java:677)
at org.testng.internal.invokers.TestInvoker.invokeTestMethod(TestInvoker.java:221)
at org.testng.internal.invokers.MethodRunner.runInSequence(MethodRunner.java:50)
at org.testng.internal.invokers.TestInvoker$MethodInvocationAgent.invoke(TestInvoker.java:969)
at org.testng.internal.invokers.TestInvoker.invokeTestMethods(TestInvoker.java:194)
at org.testng.internal.invokers.TestMethodWorker.invokeTestMethods(TestMethodWorker.java:148)
at org.testng.internal.invokers.TestMethodWorker.run(TestMethodWorker.java:128)
at java.base/java.util.ArrayList.forEach(ArrayList.java:1511)
at org.testng.TestRunner.privateRun(TestRunner.java:829)
at org.testng.TestRunner.run(TestRunner.java:602)
at org.testng.SuiteRunner.runTest(SuiteRunner.java:437)
at org.testng.SuiteRunner.runSequentially(SuiteRunner.java:431)
at org.testng.SuiteRunner.privateRun(SuiteRunner.java:391)
at org.testng.SuiteRunner.run(SuiteRunner.java:330)
at org.testng.SuiteRunnerWorker.runSuite(SuiteRunnerWorker.java:52)
at org.testng.SuiteRunnerWorker.run(SuiteRunnerWorker.java:95)
at org.testng.TestNG.runSuitesSequentially(TestNG.java:1256)
at org.testng.TestNG.runSuitesLocally(TestNG.java:1176)
at org.testng.TestNG.runSuites(TestNG.java:1099)
at org.testng.TestNG.run(TestNG.java:1067)
at org.testng.remote.AbstractRemoteTestNG.run(AbstractRemoteTestNG.java:115)
at org.testng.remote.RemoteTestNG.initAndRun(RemoteTestNG.java:251)
at org.testng.remote.RemoteTestNG.main(RemoteTestNG.java:77)
]]>
            </full-stacktrace>
          </exception> <!-- java.lang.AssertionError -->
          <reporter-output>
          </reporter-output>
        </test-method> <!-- checkProductprice -->
        <test-method is-config="true" signature="tearDown()[pri:0, instance:luma.testcases.LumaTest@4562e04d]" started-at="2022-12-24T15:30:05 IST" name="tearDown" finished-at="2022-12-24T15:30:05 IST" duration-ms="133" status="PASS">
          <reporter-output>
          </reporter-output>
        </test-method> <!-- tearDown -->
      </class> <!-- luma.testcases.LumaTest -->
    </test> <!-- Test -->
  </suite> <!-- Suite -->
</testng-results>
